<?xml version="1.0" encoding="utf-8"?><testsuites name="pytest tests"><testsuite name="pytest" errors="0" failures="0" skipped="0" tests="5" time="29.632" timestamp="2026-08-24T11:58:57.752300+00:00" hostname="agent-env-5a41749d-048b-4121-8498-8f485a614fcc"><testcase classname="tests.test_document_summary" name="test_api_health" time="16.067" /><testcase classname="tests.test_document_summary" name="test_upload_rejects_unsupported_type" time="0.226" /><testcase classname="tests.test_document_summary" name="test_upload_rejects_empty_file" time="0.078" /><testcase classname="tests.test_document_summary" name="test_upload_rejects_oversized_file" time="0.567" /><testcase classname="tests.test_document_summary" name="test_upload_returns_valid_summary_shape" time="11.938" /></testsuite></testsuites>